<?xml version="1.0" encoding="UTF-8"?>
<testng-results skipped="0" failed="0" ignored="0" total="1" passed="1">
  <reporter-output>
  </reporter-output>
  <suite name="test.sample.newproject.FirstMavenExampleTest" duration-ms="11135" started-at="2020-06-26T04:17:31Z" finished-at="2020-06-26T04:17:42Z">
    <groups>
    </groups>
    <test name="Command line test" duration-ms="11135" started-at="2020-06-26T04:17:31Z" finished-at="2020-06-26T04:17:42Z">
      <class name="test.sample.newproject.FirstMavenExampleTest">
        <test-method status="PASS" signature="setUp()[pri:0, instance:test.sample.newproject.FirstMavenExampleTest@edf4efb]" name="setUp" duration-ms="11088" started-at="2020-06-26T04:17:31Z" finished-at="2020-06-26T04:17:42Z">
          <reporter-output>
          </reporter-output>
        </test-method> <!-- setUp -->
      </class> <!-- test.sample.newproject.FirstMavenExampleTest -->
    </test> <!-- Command line test -->
  </suite> <!-- test.sample.newproject.FirstMavenExampleTest -->
</testng-results>
