<?xml version="1.0" encoding="UTF-8"?>
<testng-results skipped="0" failed="0" ignored="0" total="1" passed="1">
  <reporter-output>
  </reporter-output>
  <suite name="Default suite" duration-ms="24034" started-at="2020-06-26T04:28:18Z" finished-at="2020-06-26T04:28:42Z">
    <groups>
    </groups>
    <test name="Default test" duration-ms="24034" started-at="2020-06-26T04:28:18Z" finished-at="2020-06-26T04:28:42Z">
      <class name="test.sample.newproject.FirstMavenExampleTest">
        <test-method status="PASS" signature="setUp()[pri:0, instance:test.sample.newproject.FirstMavenExampleTest@18be83e4]" name="setUp" duration-ms="24003" started-at="2020-06-26T04:28:18Z" finished-at="2020-06-26T04:28:42Z">
          <reporter-output>
          </reporter-output>
        </test-method> <!-- setUp -->
      </class> <!-- test.sample.newproject.FirstMavenExampleTest -->
    </test> <!-- Default test -->
  </suite> <!-- Default suite -->
</testng-results>
